-- face without glasses
-- rotate image 0.034469
-- crop image
-- resize image
-- face with glasses
-- rotate image 0.643501
-- crop image
-- resize image
-- face without glasses
-- rotate image 0.017240
-- crop image
-- resize image
-- face without glasses
-- oups, switch eyes
-- rotate image 0.073397
-- crop image
-- resize image
-- face without glasses
-- rotate image 0.047583
-- crop image
-- resize image
-- face with glasses
-- rotate image 0.856706
-- crop image
-- resize image
-- face without glasses
-- rotate image 0.017542
-- crop image
-- resize image
-- face without glasses
-- rotate image -0.089050
-- crop image
-- resize image
-- face with glasses
-- oups, switch eyes
-- rotate image 0.726642
-- crop image
-- resize image
-- face without glasses
-- rotate image 0.116355
-- crop image
-- resize image
save_face executed with succes
